TN:
SF:src\controller\auth.ts
FN:7,verifyGoogleToken
FN:18,(anonymous_1)
FN:38,(anonymous_2)
FNF:3
FNH:3
FNDA:24,verifyGoogleToken
FNDA:12,(anonymous_1)
FNDA:16,(anonymous_2)
DA:2,2
DA:3,2
DA:5,2
DA:8,24
DA:12,22
DA:13,22
DA:14,21
DA:17,2
DA:19,12
DA:23,12
DA:24,12
DA:25,2
DA:26,2
DA:29,10
DA:30,8
DA:31,8
DA:33,2
DA:34,2
DA:39,16
DA:40,16
DA:41,16
DA:42,2
DA:43,2
DA:46,14
DA:47,13
DA:48,13
DA:50,1
DA:51,1
LF:28
LH:28
BRDA:13,0,0,1
BRDA:13,0,1,21
BRDA:14,1,0,21
BRDA:14,1,1,1
BRDA:24,2,0,2
BRDA:24,2,1,10
BRDA:41,3,0,2
BRDA:41,3,1,14
BRF:8
BRH:8
end_of_record
TN:
SF:src\controller\report.ts
FN:7,(anonymous_1)
FN:54,(anonymous_2)
FNF:2
FNH:2
FNDA:6,(anonymous_1)
FNDA:2,(anonymous_2)
DA:3,1
DA:4,1
DA:6,1
DA:8,6
DA:9,6
DA:12,6
DA:13,1
DA:20,5
DA:21,4
DA:23,4
DA:24,1
DA:31,3
DA:41,3
DA:42,1
DA:54,2
DA:97,2
DA:98,2
DA:103,2
DA:104,2
DA:105,0
DA:106,0
DA:107,0
DA:110,2
DA:120,1
DA:121,1
LF:25
LH:22
BRDA:12,0,0,1
BRDA:12,0,1,5
BRDA:12,1,0,6
BRDA:12,1,1,6
BRDA:12,1,2,5
BRDA:23,2,0,1
BRDA:23,2,1,3
BRDA:23,3,0,4
BRDA:23,3,1,3
BRDA:41,4,0,1
BRDA:41,4,1,2
BRDA:99,5,0,2
BRDA:99,5,1,2
BRDA:104,6,0,0
BRDA:104,6,1,2
BRF:15
BRH:14
end_of_record
TN:
SF:src\controller\user.ts
FN:7,(anonymous_1)
FN:69,(anonymous_2)
FN:180,(anonymous_3)
FN:196,(anonymous_4)
FN:202,(anonymous_5)
FNF:5
FNH:5
FNDA:20,(anonymous_1)
FNDA:16,(anonymous_2)
FNDA:7,(anonymous_3)
FNDA:12,(anonymous_4)
FNDA:3,(anonymous_5)
DA:3,1
DA:4,1
DA:6,1
DA:8,20
DA:11,20
DA:12,1
DA:13,1
DA:16,19
DA:17,1
DA:18,1
DA:21,18
DA:23,18
DA:24,18
DA:25,1
DA:26,1
DA:30,17
DA:31,1
DA:32,1
DA:37,16
DA:38,16
DA:39,1
DA:40,1
DA:45,15
DA:46,15
DA:47,15
DA:48,15
DA:50,15
DA:63,0
DA:64,0
DA:70,16
DA:72,16
DA:75,16
DA:76,1
DA:77,1
DA:81,15
DA:82,9
DA:83,9
DA:84,9
DA:85,9
DA:88,9
DA:89,1
DA:90,1
DA:92,8
DA:93,1
DA:94,1
DA:96,7
DA:97,1
DA:98,1
DA:100,6
DA:101,1
DA:102,1
DA:104,5
DA:105,1
DA:106,1
DA:111,10
DA:112,1
DA:113,1
DA:116,9
DA:117,9
DA:118,9
DA:119,1
DA:120,1
DA:124,8
DA:125,1
DA:129,1
DA:133,7
DA:134,7
DA:136,7
DA:137,4
DA:138,0
DA:140,4
DA:141,3
DA:143,4
DA:144,2
DA:146,4
DA:147,1
DA:149,4
DA:150,2
DA:152,4
DA:153,2
DA:157,7
DA:159,7
DA:175,0
DA:176,0
DA:181,7
DA:183,7
DA:184,7
DA:186,7
DA:187,0
DA:188,0
DA:193,7
DA:194,7
DA:196,12
DA:199,5
DA:200,4
DA:202,3
DA:203,3
DA:204,3
DA:205,3
DA:208,3
DA:209,3
DA:212,3
DA:215,1
DA:220,5
DA:221,4
DA:226,7
DA:228,7
DA:229,0
DA:230,0
DA:234,7
DA:239,0
DA:240,0
LF:112
LH:101
BRDA:11,0,0,1
BRDA:11,0,1,19
BRDA:11,1,0,20
BRDA:11,1,1,20
BRDA:11,1,2,19
BRDA:16,2,0,1
BRDA:16,2,1,18
BRDA:24,3,0,1
BRDA:24,3,1,17
BRDA:30,4,0,1
BRDA:30,4,1,16
BRDA:30,5,0,17
BRDA:30,5,1,16
BRDA:38,6,0,1
BRDA:38,6,1,15
BRDA:59,7,0,15
BRDA:59,7,1,15
BRDA:75,8,0,1
BRDA:75,8,1,15
BRDA:81,9,0,9
BRDA:81,9,1,6
BRDA:88,10,0,1
BRDA:88,10,1,8
BRDA:88,11,0,9
BRDA:88,11,1,4
BRDA:92,12,0,1
BRDA:92,12,1,7
BRDA:92,13,0,8
BRDA:92,13,1,3
BRDA:96,14,0,1
BRDA:96,14,1,6
BRDA:96,15,0,7
BRDA:96,15,1,2
BRDA:100,16,0,1
BRDA:100,16,1,5
BRDA:100,17,0,6
BRDA:100,17,1,3
BRDA:104,18,0,1
BRDA:104,18,1,4
BRDA:104,19,0,5
BRDA:104,19,1,3
BRDA:111,20,0,1
BRDA:111,20,1,9
BRDA:111,21,0,10
BRDA:111,21,1,5
BRDA:118,22,0,1
BRDA:118,22,1,8
BRDA:124,23,0,1
BRDA:124,23,1,7
BRDA:133,24,0,2
BRDA:133,24,1,5
BRDA:134,25,0,1
BRDA:134,25,1,6
BRDA:136,26,0,4
BRDA:136,26,1,3
BRDA:137,27,0,0
BRDA:137,27,1,4
BRDA:140,28,0,3
BRDA:140,28,1,1
BRDA:143,29,0,2
BRDA:143,29,1,2
BRDA:146,30,0,1
BRDA:146,30,1,3
BRDA:149,31,0,2
BRDA:149,31,1,2
BRDA:152,32,0,2
BRDA:152,32,1,2
BRDA:171,33,0,7
BRDA:171,33,1,7
BRDA:186,34,0,0
BRDA:186,34,1,7
BRDA:194,35,0,5
BRDA:194,35,1,2
BRDA:199,36,0,4
BRDA:199,36,1,1
BRDA:199,37,0,5
BRDA:199,37,1,5
BRDA:200,38,0,3
BRDA:200,38,1,1
BRDA:205,39,0,1
BRDA:205,39,1,2
BRDA:220,40,0,4
BRDA:220,40,1,1
BRDA:220,41,0,5
BRDA:220,41,1,5
BRDA:228,42,0,0
BRDA:228,42,1,7
BRF:87
BRH:84
end_of_record
TN:
SF:src\middleware\auth.ts
FN:9,(anonymous_1)
FNF:1
FNH:1
FNDA:155,(anonymous_1)
DA:2,7
DA:4,7
DA:5,7
DA:9,7
DA:10,155
DA:12,155
DA:14,155
DA:15,1
DA:16,1
DA:21,154
DA:22,151
DA:23,3
DA:25,1
DA:26,1
DA:28,2
DA:31,153
DA:33,153
DA:34,2
DA:35,2
DA:36,1
DA:37,1
DA:40,1
DA:47,1
DA:48,1
DA:51,151
DA:52,2
DA:53,2
DA:54,1
DA:55,1
DA:58,1
DA:65,1
DA:66,1
DA:70,149
DA:73,147
DA:75,147
DA:76,2
DA:77,2
DA:81,145
DA:88,145
DA:90,2
DA:95,7
LF:41
LH:41
BRDA:14,0,0,1
BRDA:14,0,1,154
BRDA:21,1,0,151
BRDA:21,1,1,3
BRDA:23,2,0,1
BRDA:23,2,1,2
BRDA:33,3,0,2
BRDA:33,3,1,151
BRDA:35,4,0,1
BRDA:35,4,1,1
BRDA:51,5,0,2
BRDA:51,5,1,149
BRDA:53,6,0,1
BRDA:53,6,1,1
BRDA:75,7,0,2
BRDA:75,7,1,145
BRF:16
BRH:16
end_of_record
TN:
SF:src\models\Group.ts
FN:44,(anonymous_9)
FN:49,(anonymous_10)
FN:60,(anonymous_11)
FN:68,(anonymous_12)
FNF:4
FNH:4
FNDA:13,(anonymous_9)
FNDA:12,(anonymous_10)
FNDA:197,(anonymous_11)
FNDA:196,(anonymous_12)
DA:1,7
DA:4,7
DA:44,7
DA:45,13
DA:49,7
DA:50,12
DA:60,7
DA:61,197
DA:62,1
DA:64,196
DA:68,7
DA:69,196
DA:71,174
DA:73,174
DA:75,174
DA:76,174
DA:77,174
DA:80,174
DA:82,196
DA:85,7
DA:87,7
LF:21
LH:21
BRDA:45,0,0,13
BRDA:45,0,1,1
BRDA:50,1,0,12
BRDA:50,1,1,1
BRDA:61,2,0,1
BRDA:61,2,1,196
BRDA:69,3,0,174
BRDA:69,3,1,22
BRF:8
BRH:8
end_of_record
TN:
SF:src\models\Message.ts
FN:55,(anonymous_9)
FN:68,(anonymous_10)
FN:74,(anonymous_11)
FN:79,(anonymous_12)
FN:87,(anonymous_13)
FN:93,(anonymous_14)
FN:105,(anonymous_15)
FN:115,(anonymous_16)
FN:128,(anonymous_17)
FN:131,(anonymous_18)
FNF:10
FNH:10
FNDA:32,(anonymous_9)
FNDA:16,(anonymous_10)
FNDA:9,(anonymous_11)
FNDA:5,(anonymous_12)
FNDA:19,(anonymous_13)
FNDA:16,(anonymous_14)
FNDA:4,(anonymous_15)
FNDA:1,(anonymous_16)
FNDA:3,(anonymous_17)
FNDA:2,(anonymous_18)
DA:1,4
DA:4,4
DA:57,32
DA:68,4
DA:69,16
DA:71,4
DA:74,4
DA:75,9
DA:79,4
DA:80,5
DA:83,4
DA:87,4
DA:88,19
DA:89,7
DA:93,4
DA:94,16
DA:95,4
DA:99,4
DA:100,4
DA:101,4
DA:102,4
DA:105,4
DA:106,4
DA:107,1
DA:110,3
DA:111,1
DA:115,2
DA:116,1
DA:120,2
DA:128,4
DA:129,3
DA:131,2
DA:132,2
DA:136,4
DA:138,4
LF:35
LH:35
BRDA:69,0,0,12
BRDA:69,0,1,4
BRDA:69,1,0,16
BRDA:69,1,1,4
BRDA:80,2,0,5
BRDA:80,2,1,4
BRDA:88,3,0,12
BRDA:88,3,1,7
BRDA:88,4,0,19
BRDA:88,4,1,7
BRDA:94,5,0,12
BRDA:94,5,1,4
BRDA:94,6,0,16
BRDA:94,6,1,4
BRDA:106,7,0,1
BRDA:106,7,1,3
BRDA:106,8,0,4
BRDA:106,8,1,3
BRDA:110,9,0,1
BRDA:110,9,1,2
BRDA:129,10,0,1
BRDA:129,10,1,2
BRDA:129,11,0,3
BRDA:129,11,1,2
BRF:24
BRH:24
end_of_record
TN:
SF:src\models\Rating.ts
FN:73,(anonymous_9)
FN:81,(anonymous_10)
FNF:2
FNH:2
FNDA:8,(anonymous_9)
FNDA:7,(anonymous_10)
DA:1,2
DA:12,2
DA:60,2
DA:61,2
DA:62,2
DA:65,2
DA:73,2
DA:74,8
DA:75,1
DA:77,7
DA:81,2
DA:82,7
DA:93,7
DA:99,2
DA:101,2
LF:15
LH:15
BRDA:74,0,0,1
BRDA:74,0,1,7
BRDA:93,1,0,7
BRDA:93,1,1,1
BRF:4
BRH:4
end_of_record
TN:
SF:src\models\Task.ts
FN:53,(anonymous_9)
FN:57,(anonymous_10)
FN:92,(anonymous_11)
FN:94,(anonymous_12)
FN:101,(anonymous_13)
FN:107,(anonymous_14)
FN:119,(anonymous_15)
FN:121,(anonymous_16)
FN:126,(anonymous_17)
FNF:9
FNH:9
FNDA:53,(anonymous_9)
FNDA:4,(anonymous_10)
FNDA:14,(anonymous_11)
FNDA:11,(anonymous_12)
FNDA:13,(anonymous_13)
FNDA:10,(anonymous_14)
FNDA:2,(anonymous_15)
FNDA:1,(anonymous_16)
FNDA:3,(anonymous_17)
DA:1,2
DA:4,2
DA:54,53
DA:58,4
DA:59,3
DA:61,1
DA:92,2
DA:93,14
DA:94,10
DA:95,11
DA:97,10
DA:101,2
DA:102,13
DA:103,13
DA:104,13
DA:105,13
DA:107,13
DA:108,10
DA:113,2
DA:114,2
DA:115,2
DA:116,2
DA:119,2
DA:121,2
DA:122,1
DA:126,2
DA:127,3
DA:135,2
DA:137,2
LF:29
LH:29
BRDA:58,0,0,3
BRDA:58,0,1,1
BRDA:58,1,0,4
BRDA:58,1,1,3
BRDA:93,2,0,4
BRDA:93,2,1,10
BRF:6
BRH:6
end_of_record
TN:
SF:src\models\User.ts
FNF:0
FNH:0
DA:1,10
DA:30,10
DA:103,10
DA:106,10
LF:4
LH:4
BRF:0
BRH:0
end_of_record
TN:
SF:src\routes\auth.ts
FNF:0
FNH:0
DA:1,2
DA:2,2
DA:4,2
DA:6,2
DA:7,2
LF:5
LH:5
BRF:0
BRH:0
end_of_record
TN:
SF:src\routes\chat.ts
FN:18,(anonymous_1)
FN:42,(anonymous_2)
FN:76,(anonymous_3)
FN:113,(anonymous_4)
FN:167,(anonymous_5)
FN:194,(anonymous_6)
FN:216,(anonymous_7)
FN:236,(anonymous_8)
FN:264,(anonymous_9)
FN:315,(anonymous_10)
FN:342,(anonymous_11)
FNF:11
FNH:11
FNDA:5,(anonymous_1)
FNDA:3,(anonymous_2)
FNDA:13,(anonymous_3)
FNDA:10,(anonymous_4)
FNDA:5,(anonymous_5)
FNDA:2,(anonymous_6)
FNDA:2,(anonymous_7)
FNDA:10,(anonymous_8)
FNDA:8,(anonymous_9)
FNDA:1,(anonymous_10)
FNDA:4,(anonymous_11)
DA:1,2
DA:2,2
DA:3,2
DA:4,2
DA:5,2
DA:7,2
DA:8,2
DA:10,2
DA:13,2
DA:18,2
DA:19,5
DA:21,5
DA:22,5
DA:26,5
DA:27,1
DA:34,4
DA:35,4
DA:36,1
DA:42,3
DA:43,3
DA:46,3
DA:47,1
DA:54,2
DA:60,2
DA:76,2
DA:77,13
DA:79,13
DA:80,13
DA:82,13
DA:83,1
DA:89,12
DA:90,1
DA:97,11
DA:98,1
DA:105,10
DA:106,10
DA:107,1
DA:113,9
DA:114,10
DA:117,9
DA:118,1
DA:125,8
DA:133,8
DA:136,8
DA:137,8
DA:138,8
DA:149,8
DA:151,8
DA:153,0
DA:156,8
DA:167,2
DA:168,5
DA:169,5
DA:171,5
DA:172,1
DA:178,4
DA:179,1
DA:186,3
DA:187,3
DA:188,1
DA:194,2
DA:195,2
DA:198,2
DA:199,1
DA:206,1
DA:207,1
DA:209,1
DA:216,2
DA:223,1
DA:225,1
DA:236,2
DA:237,10
DA:238,10
DA:240,10
DA:241,1
DA:248,9
DA:249,0
DA:256,9
DA:257,9
DA:258,1
DA:264,8
DA:265,8
DA:268,8
DA:269,1
DA:276,7
DA:277,7
DA:278,1
DA:284,6
DA:285,1
DA:291,5
DA:292,1
DA:299,4
DA:300,1
DA:307,3
DA:308,1
DA:315,2
DA:316,1
DA:320,2
DA:326,2
DA:329,2
DA:331,2
DA:342,2
DA:343,4
DA:345,4
DA:346,4
DA:347,1
DA:353,3
DA:354,1
DA:361,2
DA:362,1
DA:368,1
DA:370,1
DA:376,2
LF:113
LH:111
BRDA:22,0,0,4
BRDA:22,1,0,4
BRDA:26,2,0,1
BRDA:26,2,1,4
BRDA:35,3,0,1
BRDA:35,3,1,3
BRDA:46,4,0,1
BRDA:46,4,1,2
BRDA:82,5,0,1
BRDA:82,5,1,12
BRDA:82,6,0,13
BRDA:82,6,1,12
BRDA:89,7,0,1
BRDA:89,7,1,11
BRDA:97,8,0,1
BRDA:97,8,1,10
BRDA:106,9,0,1
BRDA:106,9,1,9
BRDA:117,10,0,1
BRDA:117,10,1,8
BRDA:142,11,0,8
BRDA:142,11,1,1
BRDA:169,12,0,5
BRDA:171,13,0,1
BRDA:171,13,1,4
BRDA:171,14,0,5
BRDA:171,14,1,5
BRDA:171,14,2,5
BRDA:171,14,3,5
BRDA:178,15,0,1
BRDA:178,15,1,3
BRDA:187,16,0,1
BRDA:187,16,1,2
BRDA:198,17,0,1
BRDA:198,17,1,1
BRDA:240,18,0,1
BRDA:240,18,1,9
BRDA:248,19,0,0
BRDA:248,19,1,9
BRDA:257,20,0,1
BRDA:257,20,1,8
BRDA:268,21,0,1
BRDA:268,21,1,7
BRDA:277,22,0,1
BRDA:277,22,1,6
BRDA:284,23,0,1
BRDA:284,23,1,5
BRDA:291,24,0,1
BRDA:291,24,1,4
BRDA:291,25,0,5
BRDA:291,25,1,4
BRDA:299,26,0,1
BRDA:299,26,1,3
BRDA:299,27,0,4
BRDA:299,27,1,4
BRDA:307,28,0,1
BRDA:307,28,1,2
BRDA:346,29,0,1
BRDA:346,29,1,3
BRDA:353,30,0,1
BRDA:353,30,1,2
BRDA:361,31,0,1
BRDA:361,31,1,1
BRF:63
BRH:62
end_of_record
TN:
SF:src\routes\group.ts
FN:11,(anonymous_1)
FN:16,(anonymous_2)
FN:69,(anonymous_3)
FN:92,(anonymous_4)
FN:150,(anonymous_5)
FN:174,(anonymous_6)
FN:180,(anonymous_7)
FN:206,(anonymous_8)
FN:212,(anonymous_9)
FN:253,(anonymous_10)
FN:263,(anonymous_11)
FN:289,(anonymous_12)
FN:322,(anonymous_13)
FN:352,(anonymous_14)
FN:386,(anonymous_15)
FN:419,(anonymous_16)
FN:434,(anonymous_17)
FNF:17
FNH:14
FNDA:29,(anonymous_1)
FNDA:3,(anonymous_2)
FNDA:6,(anonymous_3)
FNDA:12,(anonymous_4)
FNDA:7,(anonymous_5)
FNDA:4,(anonymous_6)
FNDA:0,(anonymous_7)
FNDA:1,(anonymous_8)
FNDA:0,(anonymous_9)
FNDA:0,(anonymous_10)
FNDA:7,(anonymous_11)
FNDA:5,(anonymous_12)
FNDA:3,(anonymous_13)
FNDA:5,(anonymous_14)
FNDA:3,(anonymous_15)
FNDA:3,(anonymous_16)
FNDA:3,(anonymous_17)
DA:1,1
DA:2,1
DA:3,1
DA:4,1
DA:5,1
DA:6,1
DA:8,1
DA:11,29
DA:16,1
DA:17,3
DA:19,3
DA:21,3
DA:22,1
DA:29,2
DA:33,2
DA:34,1
DA:41,1
DA:51,1
DA:56,1
DA:57,1
DA:59,1
DA:69,1
DA:70,6
DA:72,6
DA:74,6
DA:75,1
DA:82,5
DA:84,5
DA:85,1
DA:92,4
DA:93,12
DA:96,4
DA:97,1
DA:104,3
DA:108,3
DA:109,1
DA:116,2
DA:117,1
DA:124,1
DA:129,1
DA:132,1
DA:137,1
DA:138,1
DA:140,1
DA:150,1
DA:151,7
DA:153,7
DA:154,7
DA:158,7
DA:159,2
DA:167,5
DA:168,5
DA:171,4
DA:174,2
DA:175,4
DA:178,2
DA:180,0
DA:181,0
DA:182,0
DA:183,0
DA:186,0
DA:187,0
DA:190,0
DA:193,2
DA:203,1
DA:206,1
DA:207,1
DA:210,1
DA:212,1
DA:213,0
DA:214,0
DA:215,0
DA:218,1
DA:219,1
DA:222,1
DA:223,1
DA:225,1
DA:227,1
DA:237,0
DA:248,5
DA:249,5
DA:251,0
DA:253,0
DA:254,0
DA:255,0
DA:257,0
DA:262,5
DA:263,5
DA:264,7
DA:265,7
DA:266,7
DA:267,7
DA:268,7
DA:269,7
DA:273,5
DA:278,0
DA:279,0
DA:289,1
DA:290,5
DA:291,5
DA:294,5
DA:298,5
DA:299,1
DA:306,4
DA:307,1
DA:314,3
DA:315,1
DA:322,2
DA:323,3
DA:326,2
DA:327,1
DA:334,1
DA:335,1
DA:339,1
DA:340,1
DA:342,1
DA:352,1
DA:353,5
DA:354,5
DA:357,5
DA:361,5
DA:362,1
DA:369,4
DA:370,1
DA:377,3
DA:378,1
DA:385,2
DA:386,2
DA:387,3
DA:390,2
DA:391,1
DA:397,1
DA:400,1
DA:405,1
DA:406,1
DA:409,1
DA:419,1
DA:420,3
DA:424,3
DA:425,1
DA:431,2
DA:434,2
DA:435,3
DA:438,2
DA:439,2
DA:441,1
DA:444,1
DA:445,1
DA:446,1
DA:453,1
DA:456,1
DA:458,1
DA:464,1
LF:153
LH:135
BRDA:21,0,0,1
BRDA:21,0,1,2
BRDA:21,1,0,3
BRDA:21,1,1,2
BRDA:33,2,0,1
BRDA:33,2,1,1
BRDA:74,3,0,1
BRDA:74,3,1,5
BRDA:74,4,0,6
BRDA:74,4,1,5
BRDA:84,5,0,1
BRDA:84,5,1,4
BRDA:96,6,0,1
BRDA:96,6,1,3
BRDA:108,7,0,1
BRDA:108,7,1,2
BRDA:116,8,0,1
BRDA:116,8,1,1
BRDA:158,9,0,2
BRDA:158,9,1,5
BRDA:171,10,0,2
BRDA:171,10,1,2
BRDA:171,11,0,4
BRDA:171,11,1,2
BRDA:171,11,2,2
BRDA:175,12,0,4
BRDA:175,12,1,4
BRDA:178,13,0,0
BRDA:178,13,1,2
BRDA:183,14,0,0
BRDA:183,14,1,0
BRDA:207,15,0,1
BRDA:207,15,1,1
BRDA:210,16,0,1
BRDA:210,16,1,0
BRDA:215,17,0,0
BRDA:215,17,1,0
BRDA:254,18,0,0
BRDA:254,18,1,0
BRDA:254,19,0,0
BRDA:254,19,1,0
BRDA:264,20,0,7
BRDA:264,20,1,0
BRDA:298,21,0,1
BRDA:298,21,1,4
BRDA:306,22,0,1
BRDA:306,22,1,3
BRDA:314,23,0,1
BRDA:314,23,1,2
BRDA:326,24,0,1
BRDA:326,24,1,1
BRDA:361,25,0,1
BRDA:361,25,1,4
BRDA:369,26,0,1
BRDA:369,26,1,3
BRDA:377,27,0,1
BRDA:377,27,1,2
BRDA:390,28,0,1
BRDA:390,28,1,1
BRDA:424,29,0,1
BRDA:424,29,1,2
BRDA:438,30,0,2
BRDA:438,30,1,0
BRDA:439,31,0,1
BRDA:439,31,1,1
BRF:65
BRH:53
end_of_record
TN:
SF:src\routes\rating.ts
FN:17,(anonymous_1)
FN:66,(anonymous_2)
FN:67,(anonymous_3)
FN:156,(anonymous_4)
FN:187,(anonymous_5)
FNF:5
FNH:5
FNDA:16,(anonymous_1)
FNDA:15,(anonymous_2)
FNDA:10,(anonymous_3)
FNDA:1,(anonymous_4)
FNDA:2,(anonymous_5)
DA:1,1
DA:2,1
DA:3,1
DA:4,1
DA:5,1
DA:6,1
DA:7,1
DA:9,1
DA:12,1
DA:17,1
DA:18,16
DA:21,16
DA:22,2
DA:26,2
DA:30,14
DA:31,1
DA:35,1
DA:39,13
DA:40,1
DA:44,1
DA:48,12
DA:49,1
DA:53,1
DA:57,11
DA:58,11
DA:59,2
DA:63,2
DA:66,15
DA:67,10
DA:69,9
DA:70,2
DA:74,2
DA:78,7
DA:79,7
DA:80,7
DA:81,7
DA:82,7
DA:84,7
DA:86,7
DA:87,2
DA:91,2
DA:94,5
DA:95,1
DA:99,1
DA:104,4
DA:105,4
DA:109,4
DA:116,4
DA:135,4
DA:136,0
DA:137,0
DA:139,4
DA:140,4
DA:145,4
DA:146,4
DA:156,1
DA:157,1
DA:158,1
DA:159,1
DA:162,1
DA:163,1
DA:173,1
DA:187,1
DA:188,2
DA:191,2
DA:199,2
DA:215,2
DA:225,1
LF:68
LH:66
BRDA:21,0,0,2
BRDA:21,0,1,14
BRDA:21,1,0,16
BRDA:21,1,1,16
BRDA:21,1,2,14
BRDA:30,2,0,1
BRDA:30,2,1,13
BRDA:30,3,0,14
BRDA:30,3,1,14
BRDA:30,3,2,14
BRDA:39,4,0,1
BRDA:39,4,1,12
BRDA:39,5,0,13
BRDA:39,5,1,4
BRDA:48,6,0,1
BRDA:48,6,1,11
BRDA:58,7,0,2
BRDA:58,7,1,9
BRDA:69,8,0,2
BRDA:69,8,1,7
BRDA:69,9,0,9
BRDA:69,9,1,8
BRDA:86,10,0,2
BRDA:86,10,1,5
BRDA:94,11,0,1
BRDA:94,11,1,4
BRDA:124,12,0,4
BRDA:124,12,1,1
BRDA:135,13,0,0
BRDA:135,13,1,4
BRDA:145,14,0,2
BRDA:145,14,1,2
BRDA:148,15,0,2
BRDA:148,15,1,2
BRDA:219,16,0,2
BRDA:219,16,1,1
BRDA:220,17,0,2
BRDA:220,17,1,1
BRF:38
BRH:37
end_of_record
TN:
SF:src\routes\task.ts
FN:17,(anonymous_1)
FN:88,(anonymous_2)
FN:93,(anonymous_3)
FN:119,(anonymous_4)
FN:150,(anonymous_5)
FN:187,(anonymous_6)
FN:214,(anonymous_7)
FN:250,(anonymous_8)
FN:299,(anonymous_9)
FN:304,(anonymous_10)
FN:329,(anonymous_11)
FN:359,(anonymous_12)
FN:375,(anonymous_13)
FN:390,(anonymous_14)
FN:400,(anonymous_15)
FN:423,(anonymous_16)
FN:465,(anonymous_17)
FN:509,(anonymous_18)
FNF:18
FNH:16
FNDA:10,(anonymous_1)
FNDA:0,(anonymous_2)
FNDA:2,(anonymous_3)
FNDA:2,(anonymous_4)
FNDA:2,(anonymous_5)
FNDA:5,(anonymous_6)
FNDA:2,(anonymous_7)
FNDA:8,(anonymous_8)
FNDA:2,(anonymous_9)
FNDA:3,(anonymous_10)
FNDA:8,(anonymous_11)
FNDA:6,(anonymous_12)
FNDA:1,(anonymous_13)
FNDA:0,(anonymous_14)
FNDA:3,(anonymous_15)
FNDA:3,(anonymous_16)
FNDA:5,(anonymous_17)
FNDA:3,(anonymous_18)
DA:1,1
DA:2,1
DA:3,1
DA:4,1
DA:5,1
DA:6,1
DA:9,1
DA:12,1
DA:17,1
DA:18,10
DA:20,10
DA:21,1
DA:27,9
DA:28,1
DA:34,8
DA:35,1
DA:42,7
DA:43,1
DA:49,6
DA:50,1
DA:57,5
DA:61,5
DA:62,1
DA:69,4
DA:82,4
DA:83,2
DA:84,2
DA:85,2
DA:88,2
DA:89,0
DA:93,2
DA:94,2
DA:102,4
DA:105,4
DA:106,4
DA:108,4
DA:119,1
DA:122,2
DA:127,2
DA:128,1
DA:135,1
DA:141,1
DA:150,1
DA:152,2
DA:156,2
DA:157,1
DA:164,1
DA:165,1
DA:166,1
DA:169,1
DA:178,1
DA:187,1
DA:188,5
DA:189,5
DA:191,5
DA:192,1
DA:199,4
DA:200,4
DA:201,4
DA:204,4
DA:206,4
DA:207,1
DA:214,3
DA:215,2
DA:219,3
DA:220,1
DA:226,2
DA:227,2
DA:228,1
DA:230,1
DA:233,2
DA:236,2
DA:237,2
DA:239,2
DA:250,1
DA:251,8
DA:252,8
DA:254,8
DA:255,1
DA:262,7
DA:263,7
DA:264,1
DA:271,6
DA:275,6
DA:276,1
DA:283,5
DA:286,5
DA:287,2
DA:294,3
DA:295,3
DA:296,3
DA:299,3
DA:300,2
DA:304,3
DA:305,3
DA:312,3
DA:315,3
DA:316,3
DA:318,3
DA:329,1
DA:331,8
DA:335,8
DA:336,1
DA:343,7
DA:344,7
DA:345,7
DA:348,7
DA:350,7
DA:351,1
DA:359,6
DA:364,6
DA:367,6
DA:369,6
DA:371,2
DA:375,4
DA:376,1
DA:380,4
DA:381,1
DA:386,3
DA:387,3
DA:390,3
DA:391,3
DA:395,3
DA:396,2
DA:400,3
DA:401,3
DA:408,3
DA:409,3
DA:413,6
DA:423,1
DA:424,3
DA:427,3
DA:428,3
DA:429,1
DA:436,2
DA:440,2
DA:441,1
DA:448,1
DA:456,1
DA:465,1
DA:466,5
DA:468,5
DA:469,5
DA:470,1
DA:477,4
DA:481,4
DA:482,1
DA:488,3
DA:491,3
DA:492,2
DA:498,1
DA:500,1
DA:509,1
DA:510,3
DA:511,3
DA:513,3
DA:514,1
DA:521,2
DA:525,2
DA:526,1
DA:533,1
DA:534,1
DA:536,1
DA:537,1
DA:540,1
DA:565,1
DA:571,1
LF:167
LH:166
BRDA:20,0,0,1
BRDA:20,0,1,9
BRDA:20,1,0,10
BRDA:20,1,1,10
BRDA:20,1,2,9
BRDA:20,1,3,9
BRDA:27,2,0,1
BRDA:27,2,1,8
BRDA:27,3,0,9
BRDA:27,3,1,9
BRDA:34,4,0,1
BRDA:34,4,1,7
BRDA:34,5,0,8
BRDA:34,5,1,8
BRDA:42,6,0,1
BRDA:42,6,1,6
BRDA:42,7,0,7
BRDA:42,7,1,2
BRDA:49,8,0,1
BRDA:49,8,1,5
BRDA:49,9,0,6
BRDA:49,9,1,1
BRDA:61,10,0,1
BRDA:61,10,1,4
BRDA:77,11,0,0
BRDA:77,11,1,4
BRDA:82,12,0,2
BRDA:82,12,1,2
BRDA:82,13,0,4
BRDA:82,13,1,2
BRDA:127,14,0,1
BRDA:127,14,1,1
BRDA:156,15,0,1
BRDA:156,15,1,1
BRDA:191,16,0,1
BRDA:191,16,1,4
BRDA:191,17,0,5
BRDA:191,17,1,5
BRDA:206,18,0,1
BRDA:206,18,1,3
BRDA:215,19,0,2
BRDA:215,19,1,2
BRDA:219,20,0,1
BRDA:219,20,1,2
BRDA:227,21,0,1
BRDA:227,21,1,1
BRDA:254,22,0,1
BRDA:254,22,1,7
BRDA:254,23,0,8
BRDA:254,23,1,8
BRDA:254,23,2,8
BRDA:263,24,0,1
BRDA:263,24,1,6
BRDA:275,25,0,1
BRDA:275,25,1,5
BRDA:283,26,0,5
BRDA:283,26,1,2
BRDA:286,27,0,2
BRDA:286,27,1,3
BRDA:335,28,0,1
BRDA:335,28,1,7
BRDA:350,29,0,1
BRDA:350,29,1,6
BRDA:369,30,0,2
BRDA:369,30,1,4
BRDA:371,31,0,2
BRDA:371,31,1,0
BRDA:380,32,0,1
BRDA:380,32,1,3
BRDA:386,33,0,3
BRDA:386,33,1,2
BRDA:395,34,0,2
BRDA:395,34,1,1
BRDA:428,35,0,1
BRDA:428,35,1,2
BRDA:440,36,0,1
BRDA:440,36,1,1
BRDA:469,37,0,1
BRDA:469,37,1,4
BRDA:481,38,0,1
BRDA:481,38,1,3
BRDA:488,39,0,3
BRDA:488,39,1,2
BRDA:491,40,0,2
BRDA:491,40,1,1
BRDA:513,41,0,1
BRDA:513,41,1,2
BRDA:525,42,0,1
BRDA:525,42,1,1
BRF:89
BRH:87
end_of_record
TN:
SF:src\routes\user.ts
FN:8,(anonymous_1)
FNF:1
FNH:1
FNDA:1,(anonymous_1)
DA:1,1
DA:2,1
DA:3,1
DA:4,1
DA:6,1
DA:8,1
DA:9,1
DA:12,1
DA:13,1
DA:15,1
DA:17,1
LF:11
LH:11
BRF:0
BRH:0
end_of_record
TN:
SF:src\services\auth.ts
FN:6,(anonymous_1)
FN:40,(anonymous_2)
FNF:2
FNH:2
FNDA:11,(anonymous_1)
FNDA:16,(anonymous_2)
DA:1,3
DA:2,3
DA:3,3
DA:5,3
DA:7,11
DA:8,11
DA:9,11
DA:10,5
DA:13,6
DA:14,6
DA:16,6
DA:17,6
DA:35,0
DA:36,0
DA:41,16
DA:42,16
DA:43,16
DA:44,1
DA:47,15
DA:48,15
DA:66,0
DA:67,0
LF:22
LH:18
BRDA:9,0,0,5
BRDA:9,0,1,6
BRDA:24,1,0,6
BRDA:24,1,1,6
BRDA:25,2,0,6
BRDA:25,2,1,6
BRDA:27,3,0,6
BRDA:27,3,1,6
BRDA:28,4,0,6
BRDA:28,4,1,6
BRDA:29,5,0,6
BRDA:29,5,1,0
BRDA:30,6,0,6
BRDA:30,6,1,6
BRDA:43,7,0,1
BRDA:43,7,1,15
BRDA:55,8,0,15
BRDA:55,8,1,3
BRDA:56,9,0,15
BRDA:56,9,1,3
BRDA:58,10,0,15
BRDA:58,10,1,15
BRDA:59,11,0,15
BRDA:59,11,1,15
BRDA:60,12,0,15
BRDA:60,12,1,0
BRDA:61,13,0,15
BRDA:61,13,1,15
BRF:28
BRH:26
end_of_record
TN:
SF:src\services\authService.ts
FN:27,(anonymous_1)
FN:57,(anonymous_2)
FN:75,(anonymous_3)
FN:124,(anonymous_4)
FN:134,(anonymous_5)
FNF:5
FNH:0
FNDA:0,(anonymous_1)
FNDA:0,(anonymous_2)
FNDA:0,(anonymous_3)
FNDA:0,(anonymous_4)
FNDA:0,(anonymous_5)
DA:1,0
DA:2,0
DA:3,0
DA:5,0
DA:9,0
DA:27,0
DA:28,0
DA:30,0
DA:35,0
DA:36,0
DA:37,0
DA:38,0
DA:41,0
DA:51,0
DA:52,0
DA:57,0
DA:58,0
DA:68,0
DA:69,0
DA:71,0
DA:75,0
DA:76,0
DA:79,0
DA:81,0
DA:83,0
DA:84,0
DA:85,0
DA:87,0
DA:88,0
DA:92,0
DA:94,0
DA:96,0
DA:97,0
DA:98,0
DA:99,0
DA:103,0
DA:104,0
DA:114,0
DA:115,0
DA:116,0
DA:118,0
DA:119,0
DA:124,0
DA:125,0
DA:126,0
DA:127,0
DA:129,0
DA:134,0
DA:135,0
DA:136,0
DA:137,0
DA:138,0
DA:140,0
LF:53
LH:0
BRDA:36,0,0,0
BRDA:36,0,1,0
BRDA:48,1,0,0
BRDA:48,1,1,0
BRDA:68,2,0,0
BRDA:68,2,1,0
BRDA:81,3,0,0
BRDA:81,3,1,0
BRDA:83,4,0,0
BRDA:83,4,1,0
BRDA:94,5,0,0
BRDA:94,5,1,0
BRDA:126,6,0,0
BRDA:126,6,1,0
BRF:14
BRH:0
end_of_record
TN:
SF:src\socket\socketHandler.ts
FN:16,(anonymous_1)
FN:27,(anonymous_2)
FN:28,(anonymous_3)
FN:31,(anonymous_4)
FN:51,(anonymous_5)
FN:75,(anonymous_6)
FN:99,(anonymous_7)
FN:120,(anonymous_8)
FN:144,(anonymous_9)
FN:162,(anonymous_10)
FN:187,(anonymous_11)
FN:191,(anonymous_12)
FNF:12
FNH:0
FNDA:0,(anonymous_1)
FNDA:0,(anonymous_2)
FNDA:0,(anonymous_3)
FNDA:0,(anonymous_4)
FNDA:0,(anonymous_5)
FNDA:0,(anonymous_6)
FNDA:0,(anonymous_7)
FNDA:0,(anonymous_8)
FNDA:0,(anonymous_9)
FNDA:0,(anonymous_10)
FNDA:0,(anonymous_11)
FNDA:0,(anonymous_12)
DA:1,0
DA:3,0
DA:4,0
DA:11,0
DA:13,0
DA:14,0
DA:17,0
DA:24,0
DA:28,0
DA:31,0
DA:32,0
DA:33,0
DA:34,0
DA:35,0
DA:36,0
DA:37,0
DA:39,0
DA:41,0
DA:42,0
DA:45,0
DA:46,0
DA:51,0
DA:52,0
DA:53,0
DA:54,0
DA:57,0
DA:58,0
DA:60,0
DA:61,0
DA:63,0
DA:67,0
DA:75,0
DA:76,0
DA:78,0
DA:79,0
DA:81,0
DA:82,0
DA:83,0
DA:84,0
DA:85,0
DA:91,0
DA:99,0
DA:100,0
DA:101,0
DA:102,0
DA:105,0
DA:116,0
DA:120,0
DA:121,0
DA:122,0
DA:123,0
DA:126,0
DA:140,0
DA:144,0
DA:145,0
DA:146,0
DA:147,0
DA:150,0
DA:158,0
DA:162,0
DA:163,0
DA:164,0
DA:166,0
DA:167,0
DA:168,0
DA:169,0
DA:170,0
DA:171,0
DA:176,0
DA:188,0
DA:192,0
LF:71
LH:0
BRDA:35,0,0,0
BRDA:35,0,1,0
BRDA:36,1,0,0
BRDA:36,1,1,0
BRDA:52,2,0,0
BRDA:52,2,1,0
BRDA:60,3,0,0
BRDA:60,3,1,0
BRDA:76,4,0,0
BRDA:76,4,1,0
BRDA:82,5,0,0
BRDA:82,5,1,0
BRDA:84,6,0,0
BRDA:84,6,1,0
BRDA:100,7,0,0
BRDA:100,7,1,0
BRDA:100,8,0,0
BRDA:100,8,1,0
BRDA:106,9,0,0
BRDA:106,9,1,0
BRDA:109,10,0,0
BRDA:109,10,1,0
BRDA:121,11,0,0
BRDA:121,11,1,0
BRDA:121,12,0,0
BRDA:121,12,1,0
BRDA:131,13,0,0
BRDA:131,13,1,0
BRDA:135,14,0,0
BRDA:135,14,1,0
BRDA:145,15,0,0
BRDA:145,15,1,0
BRDA:158,16,0,0
BRDA:158,16,1,0
BRDA:163,17,0,0
BRDA:163,17,1,0
BRDA:166,18,0,0
BRDA:166,18,1,0
BRDA:168,19,0,0
BRDA:168,19,1,0
BRDA:170,20,0,0
BRDA:170,20,1,0
BRF:42
BRH:0
end_of_record
