TN:
SF:src\controller\auth.ts
FN:7,verifyGoogleToken
FN:18,(anonymous_1)
FN:38,(anonymous_2)
FNF:3
FNH:3
FNDA:13,verifyGoogleToken
FNDA:6,(anonymous_1)
FNDA:7,(anonymous_2)
DA:2,1
DA:3,1
DA:5,1
DA:8,13
DA:12,9
DA:13,9
DA:14,7
DA:17,1
DA:19,6
DA:23,6
DA:24,6
DA:25,0
DA:26,0
DA:29,6
DA:30,3
DA:31,1
DA:33,5
DA:34,5
DA:39,7
DA:40,7
DA:41,7
DA:42,0
DA:43,0
DA:46,7
DA:47,4
DA:48,1
DA:50,6
DA:51,6
LF:28
LH:24
BRDA:13,0,0,2
BRDA:13,0,1,7
BRDA:14,1,0,7
BRDA:14,1,1,0
BRDA:24,2,0,0
BRDA:24,2,1,6
BRDA:41,3,0,0
BRDA:41,3,1,7
BRF:8
BRH:5
end_of_record
TN:
SF:src\controller\report.ts
FN:7,(anonymous_1)
FN:54,(anonymous_2)
FNF:2
FNH:2
FNDA:4,(anonymous_1)
FNDA:2,(anonymous_2)
DA:3,1
DA:4,1
DA:6,1
DA:8,4
DA:9,4
DA:12,4
DA:13,0
DA:20,4
DA:21,3
DA:23,3
DA:24,0
DA:31,3
DA:41,2
DA:42,0
DA:54,2
DA:97,2
DA:98,2
DA:103,2
DA:104,2
DA:105,1
DA:106,1
DA:107,1
DA:110,2
DA:120,2
DA:121,2
LF:25
LH:22
BRDA:12,0,0,0
BRDA:12,0,1,4
BRDA:12,1,0,4
BRDA:12,1,1,4
BRDA:12,1,2,4
BRDA:23,2,0,0
BRDA:23,2,1,3
BRDA:23,3,0,3
BRDA:23,3,1,3
BRDA:41,4,0,0
BRDA:41,4,1,2
BRDA:99,5,0,2
BRDA:99,5,1,1
BRDA:104,6,0,1
BRDA:104,6,1,1
BRF:15
BRH:12
end_of_record
TN:
SF:src\controller\user.ts
FN:7,(anonymous_1)
FN:69,(anonymous_2)
FN:180,(anonymous_3)
FN:196,(anonymous_4)
FN:202,(anonymous_5)
FNF:5
FNH:4
FNDA:3,(anonymous_1)
FNDA:3,(anonymous_2)
FNDA:6,(anonymous_3)
FNDA:4,(anonymous_4)
FNDA:0,(anonymous_5)
DA:3,1
DA:4,1
DA:6,1
DA:8,3
DA:11,3
DA:12,0
DA:13,0
DA:16,3
DA:17,0
DA:18,0
DA:21,3
DA:23,3
DA:24,1
DA:25,0
DA:26,0
DA:30,1
DA:31,0
DA:32,0
DA:37,1
DA:38,1
DA:39,0
DA:40,0
DA:45,1
DA:46,1
DA:47,1
DA:48,1
DA:50,0
DA:63,3
DA:64,3
DA:70,3
DA:72,3
DA:75,3
DA:76,0
DA:77,0
DA:81,3
DA:82,1
DA:83,1
DA:84,1
DA:85,1
DA:88,1
DA:89,0
DA:90,0
DA:92,1
DA:93,0
DA:94,0
DA:96,1
DA:97,0
DA:98,0
DA:100,1
DA:101,0
DA:102,0
DA:104,1
DA:105,0
DA:106,0
DA:111,3
DA:112,0
DA:113,0
DA:116,3
DA:117,3
DA:118,2
DA:119,0
DA:120,0
DA:124,2
DA:125,0
DA:129,0
DA:133,2
DA:134,2
DA:136,2
DA:137,1
DA:138,1
DA:140,1
DA:141,1
DA:143,1
DA:144,0
DA:146,1
DA:147,0
DA:149,1
DA:150,0
DA:152,1
DA:153,0
DA:157,2
DA:159,1
DA:175,2
DA:176,2
DA:181,6
DA:183,6
DA:184,6
DA:186,6
DA:187,1
DA:188,1
DA:193,5
DA:194,4
DA:196,4
DA:199,2
DA:200,1
DA:202,1
DA:203,0
DA:204,0
DA:205,0
DA:208,1
DA:209,1
DA:212,1
DA:215,0
DA:220,1
DA:221,1
DA:226,2
DA:228,1
DA:229,1
DA:230,1
DA:234,0
DA:239,4
DA:240,4
LF:112
LH:74
BRDA:11,0,0,0
BRDA:11,0,1,3
BRDA:11,1,0,3
BRDA:11,1,1,3
BRDA:11,1,2,3
BRDA:16,2,0,0
BRDA:16,2,1,3
BRDA:24,3,0,0
BRDA:24,3,1,1
BRDA:30,4,0,0
BRDA:30,4,1,1
BRDA:30,5,0,1
BRDA:30,5,1,1
BRDA:38,6,0,0
BRDA:38,6,1,1
BRDA:59,7,0,0
BRDA:59,7,1,0
BRDA:75,8,0,0
BRDA:75,8,1,3
BRDA:81,9,0,1
BRDA:81,9,1,2
BRDA:88,10,0,0
BRDA:88,10,1,1
BRDA:88,11,0,1
BRDA:88,11,1,1
BRDA:92,12,0,0
BRDA:92,12,1,1
BRDA:92,13,0,1
BRDA:92,13,1,0
BRDA:96,14,0,0
BRDA:96,14,1,1
BRDA:96,15,0,1
BRDA:96,15,1,0
BRDA:100,16,0,0
BRDA:100,16,1,1
BRDA:100,17,0,1
BRDA:100,17,1,0
BRDA:104,18,0,0
BRDA:104,18,1,1
BRDA:104,19,0,1
BRDA:104,19,1,0
BRDA:111,20,0,0
BRDA:111,20,1,3
BRDA:111,21,0,3
BRDA:111,21,1,2
BRDA:118,22,0,0
BRDA:118,22,1,2
BRDA:124,23,0,0
BRDA:124,23,1,2
BRDA:133,24,0,1
BRDA:133,24,1,1
BRDA:134,25,0,0
BRDA:134,25,1,2
BRDA:136,26,0,1
BRDA:136,26,1,1
BRDA:137,27,0,1
BRDA:137,27,1,0
BRDA:140,28,0,1
BRDA:140,28,1,0
BRDA:143,29,0,0
BRDA:143,29,1,1
BRDA:146,30,0,0
BRDA:146,30,1,1
BRDA:149,31,0,0
BRDA:149,31,1,1
BRDA:152,32,0,0
BRDA:152,32,1,1
BRDA:171,33,0,1
BRDA:171,33,1,1
BRDA:186,34,0,1
BRDA:186,34,1,5
BRDA:194,35,0,2
BRDA:194,35,1,2
BRDA:199,36,0,1
BRDA:199,36,1,1
BRDA:199,37,0,2
BRDA:199,37,1,2
BRDA:200,38,0,1
BRDA:200,38,1,0
BRDA:205,39,0,0
BRDA:205,39,1,0
BRDA:220,40,0,1
BRDA:220,40,1,0
BRDA:220,41,0,1
BRDA:220,41,1,1
BRDA:228,42,0,1
BRDA:228,42,1,0
BRF:87
BRH:55
end_of_record
TN:
SF:src\middleware\auth.ts
FN:9,(anonymous_1)
FNF:1
FNH:1
FNDA:85,(anonymous_1)
DA:2,6
DA:4,6
DA:5,6
DA:9,6
DA:10,85
DA:12,85
DA:14,85
DA:15,0
DA:16,0
DA:21,85
DA:22,81
DA:23,4
DA:25,0
DA:26,0
DA:28,4
DA:31,85
DA:33,85
DA:34,1
DA:35,0
DA:36,0
DA:37,0
DA:40,0
DA:47,0
DA:48,0
DA:51,84
DA:52,1
DA:53,1
DA:54,1
DA:55,1
DA:58,0
DA:65,0
DA:66,0
DA:70,83
DA:73,82
DA:75,81
DA:76,1
DA:77,1
DA:81,80
DA:88,80
DA:90,3
DA:95,6
LF:41
LH:28
BRDA:14,0,0,0
BRDA:14,0,1,85
BRDA:21,1,0,81
BRDA:21,1,1,4
BRDA:23,2,0,0
BRDA:23,2,1,4
BRDA:33,3,0,1
BRDA:33,3,1,84
BRDA:35,4,0,0
BRDA:35,4,1,0
BRDA:51,5,0,1
BRDA:51,5,1,83
BRDA:53,6,0,1
BRDA:53,6,1,0
BRDA:75,7,0,1
BRDA:75,7,1,80
BRF:16
BRH:11
end_of_record
TN:
SF:src\models\Group.ts
FN:44,(anonymous_9)
FN:49,(anonymous_10)
FN:60,(anonymous_11)
FN:68,(anonymous_12)
FNF:4
FNH:4
FNDA:7,(anonymous_9)
FNDA:7,(anonymous_10)
FNDA:78,(anonymous_11)
FNDA:78,(anonymous_12)
DA:1,6
DA:4,6
DA:44,6
DA:45,7
DA:49,6
DA:50,7
DA:60,6
DA:61,78
DA:62,0
DA:64,78
DA:68,6
DA:69,78
DA:71,69
DA:73,69
DA:75,69
DA:76,69
DA:77,69
DA:80,69
DA:82,78
DA:85,6
DA:87,6
LF:21
LH:20
BRDA:45,0,0,7
BRDA:45,0,1,0
BRDA:50,1,0,7
BRDA:50,1,1,0
BRDA:61,2,0,0
BRDA:61,2,1,78
BRDA:69,3,0,69
BRDA:69,3,1,9
BRF:8
BRH:5
end_of_record
TN:
SF:src\models\Message.ts
FN:55,(anonymous_9)
FN:68,(anonymous_10)
FN:74,(anonymous_11)
FN:79,(anonymous_12)
FN:87,(anonymous_13)
FN:93,(anonymous_14)
FN:105,(anonymous_15)
FN:115,(anonymous_16)
FN:128,(anonymous_17)
FN:131,(anonymous_18)
FNF:10
FNH:6
FNDA:8,(anonymous_9)
FNDA:3,(anonymous_10)
FNDA:4,(anonymous_11)
FNDA:1,(anonymous_12)
FNDA:3,(anonymous_13)
FNDA:3,(anonymous_14)
FNDA:0,(anonymous_15)
FNDA:0,(anonymous_16)
FNDA:0,(anonymous_17)
FNDA:0,(anonymous_18)
DA:1,3
DA:4,3
DA:57,8
DA:68,3
DA:69,3
DA:71,2
DA:74,2
DA:75,4
DA:79,2
DA:80,1
DA:83,2
DA:87,3
DA:88,3
DA:89,2
DA:93,3
DA:94,3
DA:95,2
DA:99,3
DA:100,3
DA:101,3
DA:102,3
DA:105,3
DA:106,0
DA:107,0
DA:110,0
DA:111,0
DA:115,0
DA:116,0
DA:120,0
DA:128,3
DA:129,0
DA:131,0
DA:132,0
DA:136,3
DA:138,3
LF:35
LH:25
BRDA:69,0,0,1
BRDA:69,0,1,2
BRDA:69,1,0,3
BRDA:69,1,1,2
BRDA:80,2,0,1
BRDA:80,2,1,1
BRDA:88,3,0,1
BRDA:88,3,1,2
BRDA:88,4,0,3
BRDA:88,4,1,2
BRDA:94,5,0,1
BRDA:94,5,1,2
BRDA:94,6,0,3
BRDA:94,6,1,2
BRDA:106,7,0,0
BRDA:106,7,1,0
BRDA:106,8,0,0
BRDA:106,8,1,0
BRDA:110,9,0,0
BRDA:110,9,1,0
BRDA:129,10,0,0
BRDA:129,10,1,0
BRDA:129,11,0,0
BRDA:129,11,1,0
BRF:24
BRH:14
end_of_record
TN:
SF:src\models\Rating.ts
FN:73,(anonymous_9)
FN:81,(anonymous_10)
FNF:2
FNH:1
FNDA:0,(anonymous_9)
FNDA:1,(anonymous_10)
DA:1,2
DA:12,2
DA:60,2
DA:61,2
DA:62,2
DA:65,2
DA:73,2
DA:74,0
DA:75,0
DA:77,0
DA:81,2
DA:82,1
DA:93,1
DA:99,2
DA:101,2
LF:15
LH:12
BRDA:74,0,0,0
BRDA:74,0,1,0
BRDA:93,1,0,1
BRDA:93,1,1,0
BRF:4
BRH:1
end_of_record
TN:
SF:src\models\Task.ts
FN:53,(anonymous_9)
FN:57,(anonymous_10)
FN:92,(anonymous_11)
FN:94,(anonymous_12)
FN:101,(anonymous_13)
FN:107,(anonymous_14)
FN:119,(anonymous_15)
FN:121,(anonymous_16)
FN:126,(anonymous_17)
FNF:9
FNH:5
FNDA:4,(anonymous_9)
FNDA:0,(anonymous_10)
FNDA:1,(anonymous_11)
FNDA:1,(anonymous_12)
FNDA:1,(anonymous_13)
FNDA:1,(anonymous_14)
FNDA:0,(anonymous_15)
FNDA:0,(anonymous_16)
FNDA:0,(anonymous_17)
DA:1,2
DA:4,2
DA:54,4
DA:58,0
DA:59,0
DA:61,0
DA:92,2
DA:93,1
DA:94,1
DA:95,1
DA:97,1
DA:101,2
DA:102,1
DA:103,1
DA:104,1
DA:105,1
DA:107,1
DA:108,1
DA:113,2
DA:114,2
DA:115,2
DA:116,2
DA:119,2
DA:121,0
DA:122,0
DA:126,0
DA:127,0
DA:135,2
DA:137,2
LF:29
LH:22
BRDA:58,0,0,0
BRDA:58,0,1,0
BRDA:58,1,0,0
BRDA:58,1,1,0
BRDA:93,2,0,0
BRDA:93,2,1,1
BRF:6
BRH:1
end_of_record
TN:
SF:src\models\User.ts
FNF:0
FNH:0
DA:1,8
DA:30,8
DA:103,8
DA:106,8
LF:4
LH:4
BRF:0
BRH:0
end_of_record
TN:
SF:src\routes\auth.ts
FNF:0
FNH:0
DA:1,1
DA:2,1
DA:4,1
DA:6,1
DA:7,1
LF:5
LH:5
BRF:0
BRH:0
end_of_record
TN:
SF:src\routes\chat.ts
FN:18,(anonymous_1)
FN:42,(anonymous_2)
FN:76,(anonymous_3)
FN:113,(anonymous_4)
FN:167,(anonymous_5)
FN:194,(anonymous_6)
FN:216,(anonymous_7)
FN:236,(anonymous_8)
FN:264,(anonymous_9)
FN:315,(anonymous_10)
FN:342,(anonymous_11)
FNF:11
FNH:10
FNDA:3,(anonymous_1)
FNDA:2,(anonymous_2)
FNDA:3,(anonymous_3)
FNDA:2,(anonymous_4)
FNDA:3,(anonymous_5)
FNDA:2,(anonymous_6)
FNDA:4,(anonymous_7)
FNDA:5,(anonymous_8)
FNDA:3,(anonymous_9)
FNDA:0,(anonymous_10)
FNDA:4,(anonymous_11)
DA:1,1
DA:2,1
DA:3,1
DA:4,1
DA:5,1
DA:7,1
DA:8,1
DA:10,1
DA:13,1
DA:18,1
DA:19,3
DA:21,3
DA:22,3
DA:26,3
DA:27,0
DA:34,3
DA:35,2
DA:36,0
DA:42,2
DA:43,2
DA:46,2
DA:47,0
DA:54,2
DA:60,1
DA:76,1
DA:77,3
DA:79,3
DA:80,3
DA:82,3
DA:83,0
DA:89,3
DA:90,0
DA:97,3
DA:98,0
DA:105,3
DA:106,2
DA:107,0
DA:113,2
DA:114,2
DA:117,2
DA:118,0
DA:125,2
DA:133,1
DA:136,1
DA:137,1
DA:138,1
DA:149,1
DA:151,1
DA:153,1
DA:156,1
DA:167,1
DA:168,3
DA:169,3
DA:171,3
DA:172,0
DA:178,3
DA:179,0
DA:186,3
DA:187,2
DA:188,0
DA:194,2
DA:195,2
DA:198,2
DA:199,0
DA:206,2
DA:207,2
DA:209,2
DA:216,4
DA:223,1
DA:225,1
DA:236,1
DA:237,5
DA:238,5
DA:240,5
DA:241,0
DA:248,5
DA:249,1
DA:256,4
DA:257,3
DA:258,0
DA:264,3
DA:265,3
DA:268,3
DA:269,0
DA:276,3
DA:277,2
DA:278,0
DA:284,2
DA:285,0
DA:291,2
DA:292,0
DA:299,2
DA:300,0
DA:307,2
DA:308,0
DA:315,2
DA:316,0
DA:320,2
DA:326,2
DA:329,1
DA:331,1
DA:342,1
DA:343,4
DA:345,4
DA:346,2
DA:347,0
DA:353,2
DA:354,0
DA:361,2
DA:362,0
DA:368,2
DA:370,1
DA:376,1
LF:113
LH:89
BRDA:22,0,0,3
BRDA:22,1,0,3
BRDA:26,2,0,0
BRDA:26,2,1,3
BRDA:35,3,0,0
BRDA:35,3,1,2
BRDA:46,4,0,0
BRDA:46,4,1,2
BRDA:82,5,0,0
BRDA:82,5,1,3
BRDA:82,6,0,3
BRDA:82,6,1,3
BRDA:89,7,0,0
BRDA:89,7,1,3
BRDA:97,8,0,0
BRDA:97,8,1,3
BRDA:106,9,0,0
BRDA:106,9,1,2
BRDA:117,10,0,0
BRDA:117,10,1,2
BRDA:142,11,0,1
BRDA:142,11,1,0
BRDA:169,12,0,3
BRDA:171,13,0,0
BRDA:171,13,1,3
BRDA:171,14,0,3
BRDA:171,14,1,3
BRDA:171,14,2,3
BRDA:171,14,3,3
BRDA:178,15,0,0
BRDA:178,15,1,3
BRDA:187,16,0,0
BRDA:187,16,1,2
BRDA:198,17,0,0
BRDA:198,17,1,2
BRDA:240,18,0,0
BRDA:240,18,1,5
BRDA:248,19,0,1
BRDA:248,19,1,4
BRDA:257,20,0,0
BRDA:257,20,1,3
BRDA:268,21,0,0
BRDA:268,21,1,3
BRDA:277,22,0,0
BRDA:277,22,1,2
BRDA:284,23,0,0
BRDA:284,23,1,2
BRDA:291,24,0,0
BRDA:291,24,1,2
BRDA:291,25,0,2
BRDA:291,25,1,2
BRDA:299,26,0,0
BRDA:299,26,1,2
BRDA:299,27,0,2
BRDA:299,27,1,2
BRDA:307,28,0,0
BRDA:307,28,1,2
BRDA:346,29,0,0
BRDA:346,29,1,2
BRDA:353,30,0,0
BRDA:353,30,1,2
BRDA:361,31,0,0
BRDA:361,31,1,2
BRF:63
BRH:39
end_of_record
TN:
SF:src\routes\group.ts
FN:11,(anonymous_1)
FN:16,(anonymous_2)
FN:69,(anonymous_3)
FN:92,(anonymous_4)
FN:150,(anonymous_5)
FN:174,(anonymous_6)
FN:180,(anonymous_7)
FN:206,(anonymous_8)
FN:212,(anonymous_9)
FN:253,(anonymous_10)
FN:263,(anonymous_11)
FN:289,(anonymous_12)
FN:322,(anonymous_13)
FN:352,(anonymous_14)
FN:386,(anonymous_15)
FN:419,(anonymous_16)
FN:434,(anonymous_17)
FNF:17
FNH:16
FNDA:25,(anonymous_1)
FNDA:4,(anonymous_2)
FNDA:2,(anonymous_3)
FNDA:1,(anonymous_4)
FNDA:8,(anonymous_5)
FNDA:5,(anonymous_6)
FNDA:1,(anonymous_7)
FNDA:3,(anonymous_8)
FNDA:0,(anonymous_9)
FNDA:4,(anonymous_10)
FNDA:10,(anonymous_11)
FNDA:3,(anonymous_12)
FNDA:4,(anonymous_13)
FNDA:4,(anonymous_14)
FNDA:6,(anonymous_15)
FNDA:4,(anonymous_16)
FNDA:4,(anonymous_17)
DA:1,1
DA:2,1
DA:3,1
DA:4,1
DA:5,1
DA:6,1
DA:8,1
DA:11,25
DA:16,1
DA:17,4
DA:19,4
DA:21,4
DA:22,0
DA:29,4
DA:33,3
DA:34,1
DA:41,2
DA:51,1
DA:56,0
DA:57,0
DA:59,0
DA:69,1
DA:70,2
DA:72,2
DA:74,2
DA:75,0
DA:82,2
DA:84,1
DA:85,0
DA:92,1
DA:93,1
DA:96,1
DA:97,0
DA:104,1
DA:108,1
DA:109,0
DA:116,1
DA:117,0
DA:124,1
DA:129,1
DA:132,1
DA:137,0
DA:138,0
DA:140,0
DA:150,1
DA:151,8
DA:153,8
DA:154,8
DA:158,7
DA:159,0
DA:167,7
DA:168,7
DA:171,4
DA:174,3
DA:175,5
DA:178,3
DA:180,1
DA:181,1
DA:182,1
DA:183,1
DA:186,1
DA:187,1
DA:190,1
DA:193,2
DA:203,3
DA:206,3
DA:207,3
DA:210,3
DA:212,1
DA:213,0
DA:214,0
DA:215,0
DA:218,1
DA:219,1
DA:222,1
DA:223,1
DA:225,1
DA:227,1
DA:237,2
DA:248,7
DA:249,7
DA:251,2
DA:253,2
DA:254,4
DA:255,1
DA:257,3
DA:262,7
DA:263,7
DA:264,10
DA:265,7
DA:266,7
DA:267,7
DA:268,7
DA:269,7
DA:273,7
DA:278,1
DA:279,1
DA:289,1
DA:290,3
DA:291,3
DA:294,3
DA:298,2
DA:299,0
DA:306,2
DA:307,0
DA:314,2
DA:315,0
DA:322,2
DA:323,4
DA:326,2
DA:327,0
DA:334,2
DA:335,2
DA:339,1
DA:340,0
DA:342,0
DA:352,1
DA:353,4
DA:354,4
DA:357,4
DA:361,3
DA:362,0
DA:369,3
DA:370,0
DA:377,3
DA:378,0
DA:385,3
DA:386,3
DA:387,6
DA:390,3
DA:391,0
DA:397,3
DA:400,2
DA:405,1
DA:406,0
DA:409,0
DA:419,1
DA:420,4
DA:424,3
DA:425,0
DA:431,3
DA:434,3
DA:435,4
DA:438,3
DA:439,2
DA:441,0
DA:444,2
DA:445,1
DA:446,0
DA:453,1
DA:456,0
DA:458,0
DA:464,1
LF:153
LH:120
BRDA:21,0,0,0
BRDA:21,0,1,4
BRDA:21,1,0,4
BRDA:21,1,1,4
BRDA:33,2,0,1
BRDA:33,2,1,2
BRDA:74,3,0,0
BRDA:74,3,1,2
BRDA:74,4,0,2
BRDA:74,4,1,2
BRDA:84,5,0,0
BRDA:84,5,1,1
BRDA:96,6,0,0
BRDA:96,6,1,1
BRDA:108,7,0,0
BRDA:108,7,1,1
BRDA:116,8,0,0
BRDA:116,8,1,1
BRDA:158,9,0,0
BRDA:158,9,1,7
BRDA:171,10,0,3
BRDA:171,10,1,1
BRDA:171,11,0,4
BRDA:171,11,1,3
BRDA:171,11,2,3
BRDA:175,12,0,5
BRDA:175,12,1,5
BRDA:178,13,0,1
BRDA:178,13,1,2
BRDA:183,14,0,1
BRDA:183,14,1,0
BRDA:207,15,0,3
BRDA:207,15,1,3
BRDA:210,16,0,1
BRDA:210,16,1,2
BRDA:215,17,0,0
BRDA:215,17,1,0
BRDA:254,18,0,1
BRDA:254,18,1,3
BRDA:254,19,0,4
BRDA:254,19,1,3
BRDA:264,20,0,7
BRDA:264,20,1,3
BRDA:298,21,0,0
BRDA:298,21,1,2
BRDA:306,22,0,0
BRDA:306,22,1,2
BRDA:314,23,0,0
BRDA:314,23,1,2
BRDA:326,24,0,0
BRDA:326,24,1,2
BRDA:361,25,0,0
BRDA:361,25,1,3
BRDA:369,26,0,0
BRDA:369,26,1,3
BRDA:377,27,0,0
BRDA:377,27,1,3
BRDA:390,28,0,0
BRDA:390,28,1,3
BRDA:424,29,0,0
BRDA:424,29,1,3
BRDA:438,30,0,2
BRDA:438,30,1,1
BRDA:439,31,0,0
BRDA:439,31,1,2
BRF:65
BRH:45
end_of_record
TN:
SF:src\routes\rating.ts
FN:17,(anonymous_1)
FN:66,(anonymous_2)
FN:67,(anonymous_3)
FN:156,(anonymous_4)
FN:187,(anonymous_5)
FNF:5
FNH:5
FNDA:4,(anonymous_1)
FNDA:6,(anonymous_2)
FNDA:3,(anonymous_3)
FNDA:2,(anonymous_4)
FNDA:2,(anonymous_5)
DA:1,1
DA:2,1
DA:3,1
DA:4,1
DA:5,1
DA:6,1
DA:7,1
DA:9,1
DA:12,1
DA:17,1
DA:18,4
DA:21,4
DA:22,0
DA:26,0
DA:30,4
DA:31,0
DA:35,0
DA:39,4
DA:40,0
DA:44,0
DA:48,4
DA:49,0
DA:53,0
DA:57,4
DA:58,3
DA:59,0
DA:63,0
DA:66,6
DA:67,3
DA:69,3
DA:70,0
DA:74,0
DA:78,3
DA:79,3
DA:80,3
DA:81,3
DA:82,3
DA:84,3
DA:86,3
DA:87,0
DA:91,0
DA:94,3
DA:95,0
DA:99,0
DA:104,3
DA:105,3
DA:109,3
DA:116,3
DA:135,2
DA:136,0
DA:137,0
DA:139,2
DA:140,1
DA:145,0
DA:146,0
DA:156,1
DA:157,2
DA:158,2
DA:159,2
DA:162,1
DA:163,0
DA:173,2
DA:187,1
DA:188,2
DA:191,2
DA:199,1
DA:215,0
DA:225,1
LF:68
LH:46
BRDA:21,0,0,0
BRDA:21,0,1,4
BRDA:21,1,0,4
BRDA:21,1,1,4
BRDA:21,1,2,4
BRDA:30,2,0,0
BRDA:30,2,1,4
BRDA:30,3,0,4
BRDA:30,3,1,4
BRDA:30,3,2,4
BRDA:39,4,0,0
BRDA:39,4,1,4
BRDA:39,5,0,4
BRDA:39,5,1,4
BRDA:48,6,0,0
BRDA:48,6,1,4
BRDA:58,7,0,0
BRDA:58,7,1,3
BRDA:69,8,0,0
BRDA:69,8,1,3
BRDA:69,9,0,3
BRDA:69,9,1,3
BRDA:86,10,0,0
BRDA:86,10,1,3
BRDA:94,11,0,0
BRDA:94,11,1,3
BRDA:124,12,0,3
BRDA:124,12,1,0
BRDA:135,13,0,0
BRDA:135,13,1,2
BRDA:145,14,0,0
BRDA:145,14,1,0
BRDA:148,15,0,0
BRDA:148,15,1,0
BRDA:219,16,0,0
BRDA:219,16,1,0
BRDA:220,17,0,0
BRDA:220,17,1,0
BRF:38
BRH:20
end_of_record
TN:
SF:src\routes\task.ts
FN:17,(anonymous_1)
FN:88,(anonymous_2)
FN:93,(anonymous_3)
FN:119,(anonymous_4)
FN:150,(anonymous_5)
FN:187,(anonymous_6)
FN:214,(anonymous_7)
FN:250,(anonymous_8)
FN:299,(anonymous_9)
FN:304,(anonymous_10)
FN:329,(anonymous_11)
FN:359,(anonymous_12)
FN:375,(anonymous_13)
FN:390,(anonymous_14)
FN:400,(anonymous_15)
FN:423,(anonymous_16)
FN:465,(anonymous_17)
FN:509,(anonymous_18)
FNF:18
FNH:14
FNDA:4,(anonymous_1)
FNDA:1,(anonymous_2)
FNDA:2,(anonymous_3)
FNDA:2,(anonymous_4)
FNDA:2,(anonymous_5)
FNDA:2,(anonymous_6)
FNDA:1,(anonymous_7)
FNDA:2,(anonymous_8)
FNDA:0,(anonymous_9)
FNDA:0,(anonymous_10)
FNDA:3,(anonymous_11)
FNDA:1,(anonymous_12)
FNDA:0,(anonymous_13)
FNDA:0,(anonymous_14)
FNDA:1,(anonymous_15)
FNDA:2,(anonymous_16)
FNDA:2,(anonymous_17)
FNDA:2,(anonymous_18)
DA:1,1
DA:2,1
DA:3,1
DA:4,1
DA:5,1
DA:6,1
DA:9,1
DA:12,1
DA:17,1
DA:18,4
DA:20,4
DA:21,0
DA:27,4
DA:28,0
DA:34,4
DA:35,0
DA:42,4
DA:43,0
DA:49,4
DA:50,0
DA:57,4
DA:61,3
DA:62,0
DA:69,3
DA:82,2
DA:83,2
DA:84,2
DA:85,2
DA:88,2
DA:89,1
DA:93,2
DA:94,2
DA:102,2
DA:105,1
DA:106,1
DA:108,1
DA:119,1
DA:122,2
DA:127,1
DA:128,0
DA:135,1
DA:141,0
DA:150,1
DA:152,2
DA:156,1
DA:157,0
DA:164,1
DA:165,1
DA:166,1
DA:169,1
DA:178,0
DA:187,1
DA:188,2
DA:189,2
DA:191,2
DA:192,0
DA:199,2
DA:200,2
DA:201,2
DA:204,2
DA:206,1
DA:207,0
DA:214,1
DA:215,1
DA:219,1
DA:220,0
DA:226,1
DA:227,1
DA:228,1
DA:230,0
DA:233,1
DA:236,0
DA:237,0
DA:239,0
DA:250,1
DA:251,2
DA:252,2
DA:254,2
DA:255,0
DA:262,2
DA:263,1
DA:264,0
DA:271,1
DA:275,0
DA:276,0
DA:283,0
DA:286,0
DA:287,0
DA:294,0
DA:295,0
DA:296,0
DA:299,0
DA:300,0
DA:304,0
DA:305,0
DA:312,0
DA:315,0
DA:316,0
DA:318,0
DA:329,1
DA:331,3
DA:335,2
DA:336,0
DA:343,2
DA:344,2
DA:345,2
DA:348,2
DA:350,1
DA:351,0
DA:359,1
DA:364,1
DA:367,1
DA:369,1
DA:371,0
DA:375,1
DA:376,0
DA:380,1
DA:381,0
DA:386,1
DA:387,1
DA:390,1
DA:391,1
DA:395,1
DA:396,1
DA:400,1
DA:401,1
DA:408,1
DA:409,1
DA:413,1
DA:423,1
DA:424,2
DA:427,2
DA:428,2
DA:429,0
DA:436,2
DA:440,1
DA:441,0
DA:448,1
DA:456,0
DA:465,1
DA:466,2
DA:468,2
DA:469,1
DA:470,0
DA:477,1
DA:481,1
DA:482,0
DA:488,1
DA:491,1
DA:492,0
DA:498,1
DA:500,0
DA:509,1
DA:510,2
DA:511,2
DA:513,2
DA:514,0
DA:521,2
DA:525,1
DA:526,0
DA:533,1
DA:534,1
DA:536,1
DA:537,1
DA:540,1
DA:565,0
DA:571,1
LF:167
LH:117
BRDA:20,0,0,0
BRDA:20,0,1,4
BRDA:20,1,0,4
BRDA:20,1,1,4
BRDA:20,1,2,4
BRDA:20,1,3,4
BRDA:27,2,0,0
BRDA:27,2,1,4
BRDA:27,3,0,4
BRDA:27,3,1,4
BRDA:34,4,0,0
BRDA:34,4,1,4
BRDA:34,5,0,4
BRDA:34,5,1,4
BRDA:42,6,0,0
BRDA:42,6,1,4
BRDA:42,7,0,4
BRDA:42,7,1,0
BRDA:49,8,0,0
BRDA:49,8,1,4
BRDA:49,9,0,4
BRDA:49,9,1,0
BRDA:61,10,0,0
BRDA:61,10,1,3
BRDA:77,11,0,0
BRDA:77,11,1,3
BRDA:82,12,0,2
BRDA:82,12,1,0
BRDA:82,13,0,2
BRDA:82,13,1,2
BRDA:127,14,0,0
BRDA:127,14,1,1
BRDA:156,15,0,0
BRDA:156,15,1,1
BRDA:191,16,0,0
BRDA:191,16,1,2
BRDA:191,17,0,2
BRDA:191,17,1,2
BRDA:206,18,0,0
BRDA:206,18,1,1
BRDA:215,19,0,1
BRDA:215,19,1,1
BRDA:219,20,0,0
BRDA:219,20,1,1
BRDA:227,21,0,1
BRDA:227,21,1,0
BRDA:254,22,0,0
BRDA:254,22,1,2
BRDA:254,23,0,2
BRDA:254,23,1,2
BRDA:254,23,2,2
BRDA:263,24,0,0
BRDA:263,24,1,1
BRDA:275,25,0,0
BRDA:275,25,1,0
BRDA:283,26,0,0
BRDA:283,26,1,0
BRDA:286,27,0,0
BRDA:286,27,1,0
BRDA:335,28,0,0
BRDA:335,28,1,2
BRDA:350,29,0,0
BRDA:350,29,1,1
BRDA:369,30,0,0
BRDA:369,30,1,1
BRDA:371,31,0,0
BRDA:371,31,1,0
BRDA:380,32,0,0
BRDA:380,32,1,1
BRDA:386,33,0,1
BRDA:386,33,1,1
BRDA:395,34,0,1
BRDA:395,34,1,0
BRDA:428,35,0,0
BRDA:428,35,1,2
BRDA:440,36,0,0
BRDA:440,36,1,1
BRDA:469,37,0,0
BRDA:469,37,1,1
BRDA:481,38,0,0
BRDA:481,38,1,1
BRDA:488,39,0,1
BRDA:488,39,1,0
BRDA:491,40,0,0
BRDA:491,40,1,1
BRDA:513,41,0,0
BRDA:513,41,1,2
BRDA:525,42,0,0
BRDA:525,42,1,1
BRF:89
BRH:50
end_of_record
TN:
SF:src\routes\user.ts
FN:8,(anonymous_1)
FNF:1
FNH:0
FNDA:0,(anonymous_1)
DA:1,1
DA:2,1
DA:3,1
DA:4,1
DA:6,1
DA:8,1
DA:9,0
DA:12,1
DA:13,1
DA:15,1
DA:17,1
LF:11
LH:10
BRF:0
BRH:0
end_of_record
TN:
SF:src\services\auth.ts
FN:6,(anonymous_1)
FN:40,(anonymous_2)
FNF:2
FNH:2
FNDA:3,(anonymous_1)
FNDA:2,(anonymous_2)
DA:1,1
DA:2,1
DA:3,1
DA:5,1
DA:7,3
DA:8,3
DA:9,2
DA:10,0
DA:13,2
DA:14,2
DA:16,1
DA:17,0
DA:35,3
DA:36,3
DA:41,2
DA:42,2
DA:43,1
DA:44,0
DA:47,1
DA:48,0
DA:66,2
DA:67,2
LF:22
LH:18
BRDA:9,0,0,0
BRDA:9,0,1,2
BRDA:24,1,0,0
BRDA:24,1,1,0
BRDA:25,2,0,0
BRDA:25,2,1,0
BRDA:27,3,0,0
BRDA:27,3,1,0
BRDA:28,4,0,0
BRDA:28,4,1,0
BRDA:29,5,0,0
BRDA:29,5,1,0
BRDA:30,6,0,0
BRDA:30,6,1,0
BRDA:43,7,0,0
BRDA:43,7,1,1
BRDA:55,8,0,0
BRDA:55,8,1,0
BRDA:56,9,0,0
BRDA:56,9,1,0
BRDA:58,10,0,0
BRDA:58,10,1,0
BRDA:59,11,0,0
BRDA:59,11,1,0
BRDA:60,12,0,0
BRDA:60,12,1,0
BRDA:61,13,0,0
BRDA:61,13,1,0
BRF:28
BRH:2
end_of_record
TN:
SF:src\services\authService.ts
FN:27,(anonymous_1)
FN:57,(anonymous_2)
FN:75,(anonymous_3)
FN:124,(anonymous_4)
FN:134,(anonymous_5)
FNF:5
FNH:5
FNDA:5,(anonymous_1)
FNDA:2,(anonymous_2)
FNDA:7,(anonymous_3)
FNDA:8,(anonymous_4)
FNDA:4,(anonymous_5)
DA:1,1
DA:2,1
DA:3,1
DA:5,1
DA:9,1
DA:27,1
DA:28,5
DA:30,5
DA:35,3
DA:36,3
DA:37,1
DA:38,1
DA:41,2
DA:51,3
DA:52,3
DA:57,1
DA:58,2
DA:68,2
DA:69,2
DA:71,2
DA:75,1
DA:76,7
DA:79,7
DA:81,5
DA:83,2
DA:84,1
DA:85,1
DA:87,2
DA:88,2
DA:92,3
DA:94,3
DA:96,1
DA:97,1
DA:98,1
DA:99,1
DA:103,2
DA:104,2
DA:114,2
DA:115,2
DA:116,2
DA:118,2
DA:119,2
DA:124,1
DA:125,8
DA:126,8
DA:127,8
DA:129,5
DA:134,1
DA:135,4
DA:136,4
DA:137,2
DA:138,2
DA:140,2
LF:53
LH:53
BRDA:36,0,0,1
BRDA:36,0,1,2
BRDA:48,1,0,2
BRDA:48,1,1,1
BRDA:68,2,0,2
BRDA:68,2,1,2
BRDA:81,3,0,2
BRDA:81,3,1,3
BRDA:83,4,0,1
BRDA:83,4,1,1
BRDA:94,5,0,1
BRDA:94,5,1,2
BRDA:126,6,0,8
BRDA:126,6,1,8
BRF:14
BRH:14
end_of_record
TN:
SF:src\socket\socketHandler.ts
FN:16,(anonymous_1)
FN:27,(anonymous_2)
FN:28,(anonymous_3)
FN:31,(anonymous_4)
FN:51,(anonymous_5)
FN:75,(anonymous_6)
FN:99,(anonymous_7)
FN:120,(anonymous_8)
FN:144,(anonymous_9)
FN:162,(anonymous_10)
FN:187,(anonymous_11)
FN:191,(anonymous_12)
FNF:12
FNH:12
FNDA:25,(anonymous_1)
FNDA:25,(anonymous_2)
FNDA:47,(anonymous_3)
FNDA:15,(anonymous_4)
FNDA:4,(anonymous_5)
FNDA:3,(anonymous_6)
FNDA:4,(anonymous_7)
FNDA:3,(anonymous_8)
FNDA:3,(anonymous_9)
FNDA:3,(anonymous_10)
FNDA:3,(anonymous_11)
FNDA:1,(anonymous_12)
DA:1,1
DA:3,1
DA:4,1
DA:11,1
DA:13,25
DA:14,25
DA:17,25
DA:24,25
DA:28,25
DA:31,47
DA:32,15
DA:33,15
DA:34,15
DA:35,12
DA:36,12
DA:37,9
DA:39,9
DA:41,3
DA:42,3
DA:45,3
DA:46,3
DA:51,47
DA:52,4
DA:53,1
DA:54,1
DA:57,3
DA:58,3
DA:60,3
DA:61,3
DA:63,3
DA:67,3
DA:75,47
DA:76,3
DA:78,2
DA:79,2
DA:81,2
DA:82,2
DA:83,1
DA:84,1
DA:85,1
DA:91,2
DA:99,47
DA:100,4
DA:101,2
DA:102,2
DA:105,2
DA:116,2
DA:120,47
DA:121,3
DA:122,1
DA:123,1
DA:126,2
DA:140,2
DA:144,47
DA:145,3
DA:146,1
DA:147,1
DA:150,2
DA:158,2
DA:162,47
DA:163,3
DA:164,2
DA:166,2
DA:167,2
DA:168,2
DA:169,1
DA:170,1
DA:171,1
DA:176,2
DA:188,3
DA:192,1
LF:71
LH:71
BRDA:35,0,0,12
BRDA:35,0,1,6
BRDA:36,1,0,9
BRDA:36,1,1,3
BRDA:52,2,0,1
BRDA:52,2,1,3
BRDA:60,3,0,3
BRDA:60,3,1,0
BRDA:76,4,0,1
BRDA:76,4,1,2
BRDA:82,5,0,1
BRDA:82,5,1,1
BRDA:84,6,0,1
BRDA:84,6,1,0
BRDA:100,7,0,2
BRDA:100,7,1,2
BRDA:100,8,0,4
BRDA:100,8,1,3
BRDA:106,9,0,2
BRDA:106,9,1,1
BRDA:109,10,0,2
BRDA:109,10,1,1
BRDA:121,11,0,1
BRDA:121,11,1,2
BRDA:121,12,0,3
BRDA:121,12,1,3
BRDA:131,13,0,2
BRDA:131,13,1,1
BRDA:135,14,0,2
BRDA:135,14,1,1
BRDA:145,15,0,1
BRDA:145,15,1,2
BRDA:158,16,0,2
BRDA:158,16,1,1
BRDA:163,17,0,2
BRDA:163,17,1,1
BRDA:166,18,0,2
BRDA:166,18,1,0
BRDA:168,19,0,1
BRDA:168,19,1,1
BRDA:170,20,0,1
BRDA:170,20,1,0
BRF:42
BRH:38
end_of_record
